<?xml version="1.0" encoding="UTF-8"?>
<!-- Generated by org.testng.reporters.JUnitReportReporter -->
<testsuite hostname="LAPTOP-MAVBKDJH" failures="0" tests="5" name="TestCases.DashboardTestPage" time="43.002" errors="0" timestamp="2022-08-09T22:59:30 IST" skipped="0">
  <testcase classname="TestCases.DashboardTestPage" name="verifylogoutbuttonTest" time="8.726"/>
  <testcase classname="TestCases.DashboardTestPage" name="verifyNickNameTest" time="8.226"/>
  <testcase classname="TestCases.DashboardTestPage" name="verifyuserIdLebelTest" time="9.007"/>
  <testcase classname="TestCases.DashboardTestPage" name="verifycompleteNamTest" time="9.850"/>
  <testcase classname="TestCases.DashboardTestPage" name="verifyemailIdTest" time="7.193"/>
</testsuite> <!-- TestCases.DashboardTestPage -->
